I, [2021-09-02T23:18:40.449992 #5384]  INFO -- base-baselittleobicom: -----> Creating <base-baselittleobicom>...
I, [2021-09-02T23:18:49.409675 #5384]  INFO -- base-baselittleobicom: Bringing machine 'default' up with 'virtualbox' provider...
I, [2021-09-02T23:18:52.542621 #5384]  INFO -- base-baselittleobicom: ==> default: Box 'base.littleobi.com' could not be found. Attempting to find and install...
I, [2021-09-02T23:18:52.542954 #5384]  INFO -- base-baselittleobicom:     default: Box Provider: virtualbox
I, [2021-09-02T23:18:52.543187 #5384]  INFO -- base-baselittleobicom:     default: Box Version: >= 0
I, [2021-09-02T23:18:52.823781 #5384]  INFO -- base-baselittleobicom: ==> default: Box file was not detected as metadata. Adding it directly...
I, [2021-09-02T23:18:52.823953 #5384]  INFO -- base-baselittleobicom: ==> default: Adding box 'base.littleobi.com' (v0) for provider: virtualbox
I, [2021-09-02T23:18:52.855055 #5384]  INFO -- base-baselittleobicom:     default: Downloading: base.littleobi.com
I, [2021-09-02T23:18:52.933231 #5384]  INFO -- base-baselittleobicom: [K    default: 
I, [2021-09-02T23:18:52.933871 #5384]  INFO -- base-baselittleobicom: An error occurred while downloading the remote file. The error
I, [2021-09-02T23:18:52.935425 #5384]  INFO -- base-baselittleobicom: message, if any, is reproduced below. Please fix this error and try
I, [2021-09-02T23:18:52.935564 #5384]  INFO -- base-baselittleobicom: again.
I, [2021-09-02T23:18:52.935689 #5384]  INFO -- base-baselittleobicom: 
I, [2021-09-02T23:18:52.935813 #5384]  INFO -- base-baselittleobicom: Couldn't open file C:/Users/tarak/Workspace/lyn-infra/.kitchen/kitchen-vagrant/base-baselittleobicom/base.littleobi.com
E, [2021-09-02T23:18:52.976939 #5384] ERROR -- base-baselittleobicom: Create failed on instance <base-baselittleobicom>.
E, [2021-09-02T23:18:52.977366 #5384] ERROR -- base-baselittleobicom: ------Exception-------
E, [2021-09-02T23:18:52.977554 #5384] ERROR -- base-baselittleobicom: Class: Kitchen::ShellOut::ShellCommandFailed
E, [2021-09-02T23:18:52.977739 #5384] ERROR -- base-baselittleobicom: Message: Expected process to exit with [0], but received '1'
---- Begin output of vagrant up --no-provision --provider virtualbox ----
STDOUT: Bringing machine 'default' up with 'virtualbox' provider...
==> default: Box 'base.littleobi.com' could not be found. Attempting to find and install...
    default: Box Provider: virtualbox
    default: Box Version: >= 0
==> default: Box file was not detected as metadata. Adding it directly...
==> default: Adding box 'base.littleobi.com' (v0) for provider: virtualbox
    default: Downloading: base.littleobi.com
[K    default:
STDERR: An error occurred while downloading the remote file. The error
message, if any, is reproduced below. Please fix this error and try
again.

Couldn't open file C:/Users/tarak/Workspace/lyn-infra/.kitchen/kitchen-vagrant/base-baselittleobicom/base.littleobi.com
---- End output of vagrant up --no-provision --provider virtualbox ----
Ran vagrant up --no-provision --provider virtualbox returned 1
E, [2021-09-02T23:18:52.977922 #5384] ERROR -- base-baselittleobicom: ----------------------
E, [2021-09-02T23:18:52.978102 #5384] ERROR -- base-baselittleobicom: ------Backtrace-------
E, [2021-09-02T23:18:52.978288 #5384] ERROR -- base-baselittleobicom: C:/opscode/chef-workstation/embedded/lib/ruby/gems/3.0.0/gems/test-kitchen-3.0.0/lib/kitchen/shell_out.rb:70:in `rescue in run_command'
E, [2021-09-02T23:18:52.978467 #5384] ERROR -- base-baselittleobicom: C:/opscode/chef-workstation/embedded/lib/ruby/gems/3.0.0/gems/test-kitchen-3.0.0/lib/kitchen/shell_out.rb:57:in `run_command'
E, [2021-09-02T23:18:52.978653 #5384] ERROR -- base-baselittleobicom: C:/opscode/chef-workstation/embedded/lib/ruby/gems/3.0.0/gems/kitchen-vagrant-1.9.0/lib/kitchen/driver/vagrant.rb:481:in `run_command'
E, [2021-09-02T23:18:52.978824 #5384] ERROR -- base-baselittleobicom: C:/opscode/chef-workstation/embedded/lib/ruby/gems/3.0.0/gems/kitchen-vagrant-1.9.0/lib/kitchen/driver/vagrant.rb:428:in `run'
E, [2021-09-02T23:18:52.979000 #5384] ERROR -- base-baselittleobicom: C:/opscode/chef-workstation/embedded/lib/ruby/gems/3.0.0/gems/kitchen-vagrant-1.9.0/lib/kitchen/driver/vagrant.rb:532:in `run_vagrant_up'
E, [2021-09-02T23:18:52.979268 #5384] ERROR -- base-baselittleobicom: C:/opscode/chef-workstation/embedded/lib/ruby/gems/3.0.0/gems/kitchen-vagrant-1.9.0/lib/kitchen/driver/vagrant.rb:117:in `create'
E, [2021-09-02T23:18:52.979453 #5384] ERROR -- base-baselittleobicom: C:/opscode/chef-workstation/embedded/lib/ruby/gems/3.0.0/gems/test-kitchen-3.0.0/lib/kitchen/instance.rb:495:in `public_send'
E, [2021-09-02T23:18:52.979630 #5384] ERROR -- base-baselittleobicom: C:/opscode/chef-workstation/embedded/lib/ruby/gems/3.0.0/gems/test-kitchen-3.0.0/lib/kitchen/instance.rb:495:in `block in perform_action'
E, [2021-09-02T23:18:52.979811 #5384] ERROR -- base-baselittleobicom: C:/opscode/chef-workstation/embedded/lib/ruby/gems/3.0.0/gems/test-kitchen-3.0.0/lib/kitchen/instance.rb:560:in `block in synchronize_or_call'
E, [2021-09-02T23:18:52.979992 #5384] ERROR -- base-baselittleobicom: C:/opscode/chef-workstation/embedded/lib/ruby/gems/3.0.0/gems/test-kitchen-3.0.0/lib/kitchen/instance.rb:558:in `synchronize'
E, [2021-09-02T23:18:52.980169 #5384] ERROR -- base-baselittleobicom: C:/opscode/chef-workstation/embedded/lib/ruby/gems/3.0.0/gems/test-kitchen-3.0.0/lib/kitchen/instance.rb:558:in `synchronize_or_call'
E, [2021-09-02T23:18:52.980335 #5384] ERROR -- base-baselittleobicom: C:/opscode/chef-workstation/embedded/lib/ruby/gems/3.0.0/gems/test-kitchen-3.0.0/lib/kitchen/instance.rb:524:in `block in action'
E, [2021-09-02T23:18:52.980504 #5384] ERROR -- base-baselittleobicom: C:/opscode/chef-workstation/embedded/lib/ruby/3.0.0/benchmark.rb:293:in `measure'
E, [2021-09-02T23:18:52.980670 #5384] ERROR -- base-baselittleobicom: C:/opscode/chef-workstation/embedded/lib/ruby/gems/3.0.0/gems/test-kitchen-3.0.0/lib/kitchen/instance.rb:523:in `action'
E, [2021-09-02T23:18:52.980847 #5384] ERROR -- base-baselittleobicom: C:/opscode/chef-workstation/embedded/lib/ruby/gems/3.0.0/gems/test-kitchen-3.0.0/lib/kitchen/instance.rb:495:in `perform_action'
E, [2021-09-02T23:18:52.981012 #5384] ERROR -- base-baselittleobicom: C:/opscode/chef-workstation/embedded/lib/ruby/gems/3.0.0/gems/test-kitchen-3.0.0/lib/kitchen/instance.rb:404:in `create_action'
E, [2021-09-02T23:18:52.981171 #5384] ERROR -- base-baselittleobicom: C:/opscode/chef-workstation/embedded/lib/ruby/gems/3.0.0/gems/test-kitchen-3.0.0/lib/kitchen/instance.rb:392:in `block (2 levels) in transition_to'
E, [2021-09-02T23:18:52.981337 #5384] ERROR -- base-baselittleobicom: C:/opscode/chef-workstation/embedded/lib/ruby/gems/3.0.0/gems/test-kitchen-3.0.0/lib/kitchen/lifecycle_hooks.rb:47:in `run_with_hooks'
E, [2021-09-02T23:18:52.981508 #5384] ERROR -- base-baselittleobicom: C:/opscode/chef-workstation/embedded/lib/ruby/gems/3.0.0/gems/test-kitchen-3.0.0/lib/kitchen/instance.rb:391:in `block in transition_to'
E, [2021-09-02T23:18:52.981667 #5384] ERROR -- base-baselittleobicom: C:/opscode/chef-workstation/embedded/lib/ruby/gems/3.0.0/gems/test-kitchen-3.0.0/lib/kitchen/instance.rb:390:in `each'
E, [2021-09-02T23:18:52.981840 #5384] ERROR -- base-baselittleobicom: C:/opscode/chef-workstation/embedded/lib/ruby/gems/3.0.0/gems/test-kitchen-3.0.0/lib/kitchen/instance.rb:390:in `transition_to'
E, [2021-09-02T23:18:52.982011 #5384] ERROR -- base-baselittleobicom: C:/opscode/chef-workstation/embedded/lib/ruby/gems/3.0.0/gems/test-kitchen-3.0.0/lib/kitchen/instance.rb:139:in `converge'
E, [2021-09-02T23:18:52.982148 #5384] ERROR -- base-baselittleobicom: C:/opscode/chef-workstation/embedded/lib/ruby/gems/3.0.0/gems/test-kitchen-3.0.0/lib/kitchen/command.rb:195:in `public_send'
E, [2021-09-02T23:18:52.982299 #5384] ERROR -- base-baselittleobicom: C:/opscode/chef-workstation/embedded/lib/ruby/gems/3.0.0/gems/test-kitchen-3.0.0/lib/kitchen/command.rb:195:in `run_action_in_thread'
E, [2021-09-02T23:18:52.982445 #5384] ERROR -- base-baselittleobicom: C:/opscode/chef-workstation/embedded/lib/ruby/gems/3.0.0/gems/test-kitchen-3.0.0/lib/kitchen/command.rb:166:in `block (2 levels) in run_action'
E, [2021-09-02T23:18:52.982643 #5384] ERROR -- base-baselittleobicom: ----End Backtrace-----
E, [2021-09-02T23:18:52.982789 #5384] ERROR -- base-baselittleobicom: ---Nested Exception---
E, [2021-09-02T23:18:52.982942 #5384] ERROR -- base-baselittleobicom: Class: Mixlib::ShellOut::ShellCommandFailed
E, [2021-09-02T23:18:52.983091 #5384] ERROR -- base-baselittleobicom: Message: Expected process to exit with [0], but received '1'
---- Begin output of vagrant up --no-provision --provider virtualbox ----
STDOUT: Bringing machine 'default' up with 'virtualbox' provider...
==> default: Box 'base.littleobi.com' could not be found. Attempting to find and install...
    default: Box Provider: virtualbox
    default: Box Version: >= 0
==> default: Box file was not detected as metadata. Adding it directly...
==> default: Adding box 'base.littleobi.com' (v0) for provider: virtualbox
    default: Downloading: base.littleobi.com
[K    default:
STDERR: An error occurred while downloading the remote file. The error
message, if any, is reproduced below. Please fix this error and try
again.

Couldn't open file C:/Users/tarak/Workspace/lyn-infra/.kitchen/kitchen-vagrant/base-baselittleobicom/base.littleobi.com
---- End output of vagrant up --no-provision --provider virtualbox ----
Ran vagrant up --no-provision --provider virtualbox returned 1
E, [2021-09-02T23:18:52.983241 #5384] ERROR -- base-baselittleobicom: ----------------------
E, [2021-09-02T23:18:52.983379 #5384] ERROR -- base-baselittleobicom: ------Backtrace-------
E, [2021-09-02T23:18:52.983516 #5384] ERROR -- base-baselittleobicom: C:/opscode/chef-workstation/embedded/lib/ruby/gems/3.0.0/gems/test-kitchen-3.0.0/lib/kitchen/shell_out.rb:70:in `rescue in run_command'
E, [2021-09-02T23:18:52.983653 #5384] ERROR -- base-baselittleobicom: C:/opscode/chef-workstation/embedded/lib/ruby/gems/3.0.0/gems/test-kitchen-3.0.0/lib/kitchen/shell_out.rb:57:in `run_command'
E, [2021-09-02T23:18:52.983795 #5384] ERROR -- base-baselittleobicom: C:/opscode/chef-workstation/embedded/lib/ruby/gems/3.0.0/gems/kitchen-vagrant-1.9.0/lib/kitchen/driver/vagrant.rb:481:in `run_command'
E, [2021-09-02T23:18:52.983939 #5384] ERROR -- base-baselittleobicom: C:/opscode/chef-workstation/embedded/lib/ruby/gems/3.0.0/gems/kitchen-vagrant-1.9.0/lib/kitchen/driver/vagrant.rb:428:in `run'
E, [2021-09-02T23:18:52.984075 #5384] ERROR -- base-baselittleobicom: C:/opscode/chef-workstation/embedded/lib/ruby/gems/3.0.0/gems/kitchen-vagrant-1.9.0/lib/kitchen/driver/vagrant.rb:532:in `run_vagrant_up'
E, [2021-09-02T23:18:52.984219 #5384] ERROR -- base-baselittleobicom: C:/opscode/chef-workstation/embedded/lib/ruby/gems/3.0.0/gems/kitchen-vagrant-1.9.0/lib/kitchen/driver/vagrant.rb:117:in `create'
E, [2021-09-02T23:18:52.984368 #5384] ERROR -- base-baselittleobicom: C:/opscode/chef-workstation/embedded/lib/ruby/gems/3.0.0/gems/test-kitchen-3.0.0/lib/kitchen/instance.rb:495:in `public_send'
E, [2021-09-02T23:18:52.984519 #5384] ERROR -- base-baselittleobicom: C:/opscode/chef-workstation/embedded/lib/ruby/gems/3.0.0/gems/test-kitchen-3.0.0/lib/kitchen/instance.rb:495:in `block in perform_action'
E, [2021-09-02T23:18:52.984656 #5384] ERROR -- base-baselittleobicom: C:/opscode/chef-workstation/embedded/lib/ruby/gems/3.0.0/gems/test-kitchen-3.0.0/lib/kitchen/instance.rb:560:in `block in synchronize_or_call'
E, [2021-09-02T23:18:52.984795 #5384] ERROR -- base-baselittleobicom: C:/opscode/chef-workstation/embedded/lib/ruby/gems/3.0.0/gems/test-kitchen-3.0.0/lib/kitchen/instance.rb:558:in `synchronize'
E, [2021-09-02T23:18:52.984940 #5384] ERROR -- base-baselittleobicom: C:/opscode/chef-workstation/embedded/lib/ruby/gems/3.0.0/gems/test-kitchen-3.0.0/lib/kitchen/instance.rb:558:in `synchronize_or_call'
E, [2021-09-02T23:18:52.985084 #5384] ERROR -- base-baselittleobicom: C:/opscode/chef-workstation/embedded/lib/ruby/gems/3.0.0/gems/test-kitchen-3.0.0/lib/kitchen/instance.rb:524:in `block in action'
E, [2021-09-02T23:18:52.985222 #5384] ERROR -- base-baselittleobicom: C:/opscode/chef-workstation/embedded/lib/ruby/3.0.0/benchmark.rb:293:in `measure'
E, [2021-09-02T23:18:52.985369 #5384] ERROR -- base-baselittleobicom: C:/opscode/chef-workstation/embedded/lib/ruby/gems/3.0.0/gems/test-kitchen-3.0.0/lib/kitchen/instance.rb:523:in `action'
E, [2021-09-02T23:18:52.985521 #5384] ERROR -- base-baselittleobicom: C:/opscode/chef-workstation/embedded/lib/ruby/gems/3.0.0/gems/test-kitchen-3.0.0/lib/kitchen/instance.rb:495:in `perform_action'
E, [2021-09-02T23:18:52.985658 #5384] ERROR -- base-baselittleobicom: C:/opscode/chef-workstation/embedded/lib/ruby/gems/3.0.0/gems/test-kitchen-3.0.0/lib/kitchen/instance.rb:404:in `create_action'
E, [2021-09-02T23:18:52.985802 #5384] ERROR -- base-baselittleobicom: C:/opscode/chef-workstation/embedded/lib/ruby/gems/3.0.0/gems/test-kitchen-3.0.0/lib/kitchen/instance.rb:392:in `block (2 levels) in transition_to'
E, [2021-09-02T23:18:52.985948 #5384] ERROR -- base-baselittleobicom: C:/opscode/chef-workstation/embedded/lib/ruby/gems/3.0.0/gems/test-kitchen-3.0.0/lib/kitchen/lifecycle_hooks.rb:47:in `run_with_hooks'
E, [2021-09-02T23:18:52.986098 #5384] ERROR -- base-baselittleobicom: C:/opscode/chef-workstation/embedded/lib/ruby/gems/3.0.0/gems/test-kitchen-3.0.0/lib/kitchen/instance.rb:391:in `block in transition_to'
E, [2021-09-02T23:18:52.986242 #5384] ERROR -- base-baselittleobicom: C:/opscode/chef-workstation/embedded/lib/ruby/gems/3.0.0/gems/test-kitchen-3.0.0/lib/kitchen/instance.rb:390:in `each'
E, [2021-09-02T23:18:52.986387 #5384] ERROR -- base-baselittleobicom: C:/opscode/chef-workstation/embedded/lib/ruby/gems/3.0.0/gems/test-kitchen-3.0.0/lib/kitchen/instance.rb:390:in `transition_to'
E, [2021-09-02T23:18:52.986530 #5384] ERROR -- base-baselittleobicom: C:/opscode/chef-workstation/embedded/lib/ruby/gems/3.0.0/gems/test-kitchen-3.0.0/lib/kitchen/instance.rb:139:in `converge'
E, [2021-09-02T23:18:52.986669 #5384] ERROR -- base-baselittleobicom: C:/opscode/chef-workstation/embedded/lib/ruby/gems/3.0.0/gems/test-kitchen-3.0.0/lib/kitchen/command.rb:195:in `public_send'
E, [2021-09-02T23:18:52.986807 #5384] ERROR -- base-baselittleobicom: C:/opscode/chef-workstation/embedded/lib/ruby/gems/3.0.0/gems/test-kitchen-3.0.0/lib/kitchen/command.rb:195:in `run_action_in_thread'
E, [2021-09-02T23:18:52.986958 #5384] ERROR -- base-baselittleobicom: C:/opscode/chef-workstation/embedded/lib/ruby/gems/3.0.0/gems/test-kitchen-3.0.0/lib/kitchen/command.rb:166:in `block (2 levels) in run_action'
E, [2021-09-02T23:18:52.987095 #5384] ERROR -- base-baselittleobicom: ----End Backtrace-----
